0 info it worked if it ends with ok
1 verbose cli [ 'C:\\Program Files (x86)\\nodejs\\node.exe',
1 verbose cli   'C:\\Program Files (x86)\\nodejs\\node_modules\\npm\\bin\\npm-cli.js',
1 verbose cli   'run',
1 verbose cli   'dev' ]
2 info using npm@3.8.9
3 info using node@v6.2.0
4 verbose run-script [ 'predev', 'dev', 'postdev' ]
5 info lifecycle threejs-demo-react@0.0.1~predev: threejs-demo-react@0.0.1
6 silly lifecycle threejs-demo-react@0.0.1~predev: no script for predev, continuing
7 info lifecycle threejs-demo-react@0.0.1~dev: threejs-demo-react@0.0.1
8 verbose lifecycle threejs-demo-react@0.0.1~dev: unsafe-perm in lifecycle true
9 verbose lifecycle threejs-demo-react@0.0.1~dev: PATH: C:\Program Files (x86)\nodejs\node_modules\npm\bin\node-gyp-bin;D:\development\webapps\threejs-demo-react\node_modules\.bin;C:\Program Files (x86)\nodejs;C:\Users\SilverSnake11\bin;C:\Users\SilverSnake11\AppData\Local\Programs\Git\mingw64\bin;C:\Users\SilverSnake11\AppData\Local\Programs\Git\usr\local\bin;C:\Users\SilverSnake11\AppData\Local\Programs\Git\usr\bin;C:\Users\SilverSnake11\AppData\Local\Programs\Git\usr\bin;C:\Users\SilverSnake11\AppData\Local\Programs\Git\mingw64\bin;C:\Users\SilverSnake11\AppData\Local\Programs\Git\usr\bin;C:\Users\SilverSnake11\bin;C:\WINDOWS\system32;C:\WINDOWS;C:\WINDOWS\System32\Wbem;C:\WINDOWS\System32\WindowsPowerShell\v1.0;C:\Program Files (x86)\Skype\Phone;C:\Users\SilverSnakeAdmin\.dnx\bin;C:\Program Files\Microsoft DNX\Dnvm;C:\Program Files\Microsoft SQL Server\130\Tools\Binn;C:\ProgramData\chocolatey\bin;C:\tools\python2;C:\Program Files (x86)\nodejs;C:\Program Files\Java\jdk1.8.0_92\bin;C:\Users\SilverSnakeAdmin\AppData\local\android\sdk\platform-tools;C:\Users\SilverSnake11\AppData\Roaming\npm;C:\ProgramData\chocolatey\bin;C:\Users\SilverSnake11\AppData\Local\Programs\Git\cmd;F:\XAMPP\php;C:\Users\SilverSnake11\AppData\Local\ComposerSetup\bin;C:\Users\SilverSnake11\AppData\Roaming\Composer\vendor\bin;C:\Users\SilverSnake11\AppData\Local\Programs\Git\usr\bin\vendor_perl;C:\Users\SilverSnake11\AppData\Local\Programs\Git\usr\bin\core_perl
10 verbose lifecycle threejs-demo-react@0.0.1~dev: CWD: D:\development\webapps\threejs-demo-react
11 silly lifecycle threejs-demo-react@0.0.1~dev: Args: [ '/d /s /c', 'lite-server' ]
12 silly lifecycle threejs-demo-react@0.0.1~dev: Returned: code: 1  signal: null
13 info lifecycle threejs-demo-react@0.0.1~dev: Failed to exec dev script
14 verbose stack Error: threejs-demo-react@0.0.1 dev: `lite-server`
14 verbose stack Exit status 1
14 verbose stack     at EventEmitter.<anonymous> (C:\Program Files (x86)\nodejs\node_modules\npm\lib\utils\lifecycle.js:245:16)
14 verbose stack     at emitTwo (events.js:106:13)
14 verbose stack     at EventEmitter.emit (events.js:191:7)
14 verbose stack     at ChildProcess.<anonymous> (C:\Program Files (x86)\nodejs\node_modules\npm\lib\utils\spawn.js:24:14)
14 verbose stack     at emitTwo (events.js:106:13)
14 verbose stack     at ChildProcess.emit (events.js:191:7)
14 verbose stack     at maybeClose (internal/child_process.js:850:16)
14 verbose stack     at Process.ChildProcess._handle.onexit (internal/child_process.js:215:5)
15 verbose pkgid threejs-demo-react@0.0.1
16 verbose cwd D:\development\webapps\threejs-demo-react
17 error Windows_NT 10.0.10586
18 error argv "C:\\Program Files (x86)\\nodejs\\node.exe" "C:\\Program Files (x86)\\nodejs\\node_modules\\npm\\bin\\npm-cli.js" "run" "dev"
19 error node v6.2.0
20 error npm  v3.8.9
21 error code ELIFECYCLE
22 error threejs-demo-react@0.0.1 dev: `lite-server`
22 error Exit status 1
23 error Failed at the threejs-demo-react@0.0.1 dev script 'lite-server'.
23 error Make sure you have the latest version of node.js and npm installed.
23 error If you do, this is most likely a problem with the threejs-demo-react package,
23 error not with npm itself.
23 error Tell the author that this fails on your system:
23 error     lite-server
23 error You can get information on how to open an issue for this project with:
23 error     npm bugs threejs-demo-react
23 error Or if that isn't available, you can get their info via:
23 error     npm owner ls threejs-demo-react
23 error There is likely additional logging output above.
24 verbose exit [ 1, true ]
